[0m23:45:10.840817 [debug] [MainThread]: Sending event: {'category': 'dbt', 'action': 'invocation', 'label': 'start', 'context': [<snowplow_tracker.self_describing_json.SelfDescribingJson object at 0x00000254BE645400>, <snowplow_tracker.self_describing_json.SelfDescribingJson object at 0x00000254BB336E90>, <snowplow_tracker.self_describing_json.SelfDescribingJson object at 0x00000254C0993B10>]}


============================== 23:45:10.851618 | edf2ed92-78dd-4e62-98a9-5f074ff2fc11 ==============================
[0m23:45:10.851618 [info ] [MainThread]: Running with dbt=1.11.8
[0m23:45:10.852268 [debug] [MainThread]: running dbt with arguments {'static_parser': 'True', 'no_print': 'None', 'version_check': 'True', 'warn_error_options': 'WarnErrorOptionsV2(error=[], warn=[], silence=[])', 'target_path': 'None', 'printer_width': '80', 'write_json': 'True', 'empty': 'None', 'log_cache_events': 'False', 'introspect': 'True', 'cache_selected_only': 'False', 'fail_fast': 'False', 'debug': 'False', 'log_format': 'default', 'profiles_dir': 'C:\\Users\\jakob\\.dbt', 'send_anonymous_usage_stats': 'True', 'quiet': 'False', 'warn_error': 'None', 'partial_parse': 'True', 'use_colors': 'True', 'indirect_selection': 'eager', 'invocation_command': 'dbt init', 'use_experimental_parser': 'False', 'log_path': 'logs'}
[0m23:45:10.868158 [info ] [MainThread]: Creating dbt configuration folder at C:\Users\jakob\.dbt
[0m23:45:27.442375 [debug] [MainThread]: Starter project path: C:\Users\jakob\Repos\first-datawarehouse\venv\Lib\site-packages\dbt\include\starter_project
[0m23:45:27.471666 [info ] [MainThread]: 
Your new dbt project "first_datawarehouse" was created!

For more information on how to configure the profiles.yml file,
please consult the dbt documentation here:

  https://docs.getdbt.com/docs/configure-your-profile

One more thing:

Need help? Don't hesitate to reach out to us via GitHub issues or on Slack:

  https://community.getdbt.com/

Happy modeling!

[0m23:45:27.472340 [info ] [MainThread]: Setting up your profile.
[0m23:47:39.231386 [info ] [MainThread]: Profile first_datawarehouse written to C:\Users\jakob\.dbt\profiles.yml using target's profile_template.yml and your supplied values. Run 'dbt debug' to validate the connection.
[0m23:47:39.232375 [debug] [MainThread]: Command `dbt init` succeeded at 23:47:39.232242 after 148.50 seconds
[0m23:47:39.232745 [debug] [MainThread]: Sending event: {'category': 'dbt', 'action': 'invocation', 'label': 'end', 'context': [<snowplow_tracker.self_describing_json.SelfDescribingJson object at 0x00000254C0B7CB00>, <snowplow_tracker.self_describing_json.SelfDescribingJson object at 0x00000254C0A9E570>, <snowplow_tracker.self_describing_json.SelfDescribingJson object at 0x00000254BF813680>]}
[0m23:47:39.233115 [debug] [MainThread]: Flushing usage events
[0m23:47:40.031137 [debug] [MainThread]: An error was encountered while trying to flush usage events
[0m23:53:12.456148 [debug] [MainThread]: Sending event: {'category': 'dbt', 'action': 'invocation', 'label': 'start', 'context': [<snowplow_tracker.self_describing_json.SelfDescribingJson object at 0x0000020AE2C19400>, <snowplow_tracker.self_describing_json.SelfDescribingJson object at 0x0000020ADF926E90>, <snowplow_tracker.self_describing_json.SelfDescribingJson object at 0x0000020AE3892850>]}


============================== 23:53:12.459990 | bc67f947-2dd5-4f0e-af8d-e1201e618a65 ==============================
[0m23:53:12.459990 [info ] [MainThread]: Running with dbt=1.11.8
[0m23:53:12.460556 [debug] [MainThread]: running dbt with arguments {'static_parser': 'True', 'no_print': 'None', 'version_check': 'True', 'warn_error_options': 'WarnErrorOptionsV2(error=[], warn=[], silence=[])', 'target_path': 'None', 'printer_width': '80', 'write_json': 'True', 'introspect': 'True', 'log_cache_events': 'False', 'empty': 'False', 'cache_selected_only': 'False', 'log_format': 'default', 'debug': 'False', 'fail_fast': 'False', 'profiles_dir': 'C:\\Users\\jakob\\.dbt', 'send_anonymous_usage_stats': 'True', 'quiet': 'False', 'warn_error': 'None', 'partial_parse': 'True', 'indirect_selection': 'eager', 'invocation_command': 'dbt run', 'use_colors': 'True', 'use_experimental_parser': 'False', 'log_path': 'logs'}
[0m23:53:12.461032 [error] [MainThread]: Encountered an error:
Runtime Error
  No dbt_project.yml found at expected path C:\Users\jakob\Repos\first-datawarehouse\dbt_project.yml
  Verify that each entry within packages.yml (and their transitive dependencies) contains a file named dbt_project.yml
  
[0m23:53:12.461708 [debug] [MainThread]: Command `dbt run` failed at 23:53:12.461600 after 0.12 seconds
[0m23:53:12.462020 [debug] [MainThread]: Sending event: {'category': 'dbt', 'action': 'invocation', 'label': 'end', 'context': [<snowplow_tracker.self_describing_json.SelfDescribingJson object at 0x0000020AE4FC2520>, <snowplow_tracker.self_describing_json.SelfDescribingJson object at 0x0000020AE4FEDEB0>, <snowplow_tracker.self_describing_json.SelfDescribingJson object at 0x0000020AE4F599D0>]}
[0m23:53:12.462344 [debug] [MainThread]: Flushing usage events
[0m23:53:13.256501 [debug] [MainThread]: An error was encountered while trying to flush usage events
